<?xml version="1.0" encoding="UTF-8"?>
<testng-results ignored="0" total="1" passed="1" failed="0" skipped="0">
  <reporter-output>
  </reporter-output>
  <suite started-at="2022-07-01T14:34:30 SGT" name="Suite" finished-at="2022-07-01T14:34:40 SGT" duration-ms="9743">
    <groups>
    </groups>
    <test started-at="2022-07-01T14:34:30 SGT" name="Test" finished-at="2022-07-01T14:34:40 SGT" duration-ms="9743">
      <class name="maven_TestNG.Maven_TestNG_Sample">
        <test-method is-config="true" signature="openBrowser()[pri:0, instance:maven_TestNG.Maven_TestNG_Sample@64da2a7]" started-at="2022-07-01T14:34:30 SGT" name="openBrowser" finished-at="2022-07-01T14:34:35 SGT" duration-ms="5189" status="PASS">
          <reporter-output>
          </reporter-output>
        </test-method> <!-- openBrowser -->
        <test-method signature="testSomething()[pri:0, instance:maven_TestNG.Maven_TestNG_Sample@64da2a7]" started-at="2022-07-01T14:34:35 SGT" name="testSomething" finished-at="2022-07-01T14:34:38 SGT" duration-ms="2503" status="PASS">
          <reporter-output>
          </reporter-output>
        </test-method> <!-- testSomething -->
        <test-method is-config="true" signature="closeBrowser()[pri:0, instance:maven_TestNG.Maven_TestNG_Sample@64da2a7]" started-at="2022-07-01T14:34:38 SGT" name="closeBrowser" finished-at="2022-07-01T14:34:40 SGT" duration-ms="1997" status="PASS">
          <reporter-output>
          </reporter-output>
        </test-method> <!-- closeBrowser -->
      </class> <!-- maven_TestNG.Maven_TestNG_Sample -->
    </test> <!-- Test -->
  </suite> <!-- Suite -->
</testng-results>
